Extension for Scikit-learn* enabled (https://github.com/uxlfoundation/scikit-learn-intelex)

  0%|          | 0/300 [00:00<?, ?it/s]
  0%|          | 1/300 [00:46<3:53:18, 46.82s/it]
  1%|          | 2/300 [01:31<3:47:15, 45.76s/it]
  1%|          | 3/300 [02:16<3:44:49, 45.42s/it]
  1%|▏         | 4/300 [03:01<3:43:13, 45.25s/it]
  2%|▏         | 5/300 [04:14<4:30:18, 54.98s/it]
  2%|▏         | 6/300 [04:59<4:13:03, 51.64s/it]
  2%|▏         | 7/300 [05:44<4:01:45, 49.51s/it]
  3%|▎         | 8/300 [06:29<3:54:04, 48.10s/it]
  3%|▎         | 9/300 [07:14<3:48:40, 47.15s/it]
  3%|▎         | 10/300 [08:23<4:20:29, 53.90s/it]
  4%|▎         | 11/300 [09:08<4:06:42, 51.22s/it]
  4%|▍         | 12/300 [09:53<3:56:55, 49.36s/it]
  4%|▍         | 13/300 [10:38<3:49:58, 48.08s/it]
  5%|▍         | 14/300 [11:24<3:44:59, 47.20s/it]
  5%|▌         | 15/300 [12:34<4:17:53, 54.29s/it]
  5%|▌         | 16/300 [13:19<4:04:03, 51.56s/it]
  6%|▌         | 17/300 [14:05<3:54:12, 49.66s/it]
  6%|▌         | 18/300 [14:50<3:47:05, 48.32s/it]
  6%|▋         | 19/300 [15:35<3:41:49, 47.36s/it]
  7%|▋         | 20/300 [16:45<4:12:25, 54.09s/it]
  7%|▋         | 21/300 [17:30<3:59:03, 51.41s/it]
  7%|▋         | 22/300 [18:15<3:49:23, 49.51s/it]
  8%|▊         | 23/300 [19:00<3:42:28, 48.19s/it]
  8%|▊         | 24/300 [19:45<3:37:27, 47.27s/it]
  8%|▊         | 25/300 [20:48<3:57:24, 51.80s/it]
  9%|▊         | 26/300 [21:33<3:47:33, 49.83s/it]
  9%|▉         | 27/300 [22:18<3:40:28, 48.46s/it]
  9%|▉         | 28/300 [23:03<3:35:12, 47.47s/it]
 10%|▉         | 29/300 [23:49<3:31:28, 46.82s/it]
 10%|█         | 30/300 [25:01<4:04:47, 54.40s/it]
 10%|█         | 31/300 [25:46<3:51:39, 51.67s/it]
 11%|█         | 32/300 [26:31<3:41:59, 49.70s/it]
 11%|█         | 33/300 [27:16<3:35:02, 48.32s/it]
 11%|█▏        | 34/300 [28:01<3:29:59, 47.37s/it]
 12%|█▏        | 35/300 [29:05<3:51:11, 52.35s/it]
 12%|█▏        | 36/300 [29:50<3:40:48, 50.18s/it]
 12%|█▏        | 37/300 [30:36<3:33:15, 48.65s/it]
 13%|█▎        | 38/300 [31:21<3:27:45, 47.58s/it]
 13%|█▎        | 39/300 [32:06<3:23:51, 46.86s/it]
 13%|█▎        | 40/300 [33:16<3:53:22, 53.86s/it]
 14%|█▎        | 41/300 [34:01<3:41:12, 51.25s/it]
 14%|█▍        | 42/300 [34:46<3:32:35, 49.44s/it]
 14%|█▍        | 43/300 [35:31<3:26:09, 48.13s/it]
 15%|█▍        | 44/300 [36:16<3:21:23, 47.20s/it]
 15%|█▌        | 45/300 [37:21<3:43:16, 52.53s/it]
 15%|█▌        | 46/300 [38:07<3:33:00, 50.32s/it]
 16%|█▌        | 47/300 [38:52<3:25:50, 48.82s/it]
 16%|█▌        | 48/300 [39:37<3:20:44, 47.79s/it]
 16%|█▋        | 49/300 [40:23<3:16:43, 47.03s/it]
 17%|█▋        | 50/300 [41:32<3:44:07, 53.79s/it]
 17%|█▋        | 51/300 [42:17<3:32:28, 51.20s/it]
 17%|█▋        | 52/300 [43:03<3:24:14, 49.41s/it]
 18%|█▊        | 53/300 [43:48<3:18:13, 48.15s/it]
 18%|█▊        | 54/300 [44:33<3:13:38, 47.23s/it]
 18%|█▊        | 55/300 [45:37<3:33:49, 52.37s/it]
 19%|█▊        | 56/300 [46:22<3:24:04, 50.18s/it]
 19%|█▉        | 57/300 [47:07<3:17:02, 48.65s/it]
 19%|█▉        | 58/300 [47:53<3:12:00, 47.61s/it]
 20%|█▉        | 59/300 [48:38<3:08:40, 46.97s/it]
 20%|██        | 60/300 [49:43<3:29:52, 52.47s/it]
 20%|██        | 61/300 [50:28<3:20:10, 50.25s/it]
 21%|██        | 62/300 [51:14<3:13:40, 48.82s/it]
 21%|██        | 63/300 [51:59<3:08:28, 47.72s/it]
 21%|██▏       | 64/300 [52:44<3:04:37, 46.94s/it]
 22%|██▏       | 65/300 [53:47<3:22:34, 51.72s/it]
 22%|██▏       | 66/300 [54:32<3:14:04, 49.76s/it]
 22%|██▏       | 67/300 [55:17<3:07:49, 48.37s/it]
 23%|██▎       | 68/300 [56:02<3:03:17, 47.40s/it]
 23%|██▎       | 69/300 [56:48<2:59:51, 46.72s/it]
 23%|██▎       | 70/300 [57:53<3:20:03, 52.19s/it]
 24%|██▎       | 71/300 [58:38<3:11:03, 50.06s/it]
 24%|██▍       | 72/300 [59:23<3:04:33, 48.57s/it]
 24%|██▍       | 73/300 [1:00:08<2:59:47, 47.52s/it]
 25%|██▍       | 74/300 [1:00:53<2:56:14, 46.79s/it]
 25%|██▌       | 75/300 [1:01:55<3:13:02, 51.48s/it]
 25%|██▌       | 76/300 [1:02:40<3:05:02, 49.56s/it]
 26%|██▌       | 77/300 [1:03:26<2:59:32, 48.31s/it]
 26%|██▌       | 78/300 [1:04:11<2:55:12, 47.35s/it]
 26%|██▋       | 79/300 [1:04:56<2:52:00, 46.70s/it]
 27%|██▋       | 80/300 [1:06:01<3:11:24, 52.20s/it]
 27%|██▋       | 81/300 [1:06:46<3:02:43, 50.06s/it]
 27%|██▋       | 82/300 [1:07:31<2:56:31, 48.59s/it]
 28%|██▊       | 83/300 [1:08:16<2:51:49, 47.51s/it]
 28%|██▊       | 84/300 [1:09:01<2:48:26, 46.79s/it]
 28%|██▊       | 85/300 [1:10:10<3:11:28, 53.43s/it]
 29%|██▊       | 86/300 [1:10:56<3:01:44, 50.96s/it]
 29%|██▉       | 87/300 [1:11:41<2:54:45, 49.23s/it]
 29%|██▉       | 88/300 [1:12:26<2:49:37, 48.01s/it]
 30%|██▉       | 89/300 [1:13:11<2:45:46, 47.14s/it]
 30%|███       | 90/300 [1:14:43<3:31:55, 60.55s/it]
 30%|███       | 91/300 [1:15:28<3:14:44, 55.91s/it]
 31%|███       | 92/300 [1:16:13<3:02:30, 52.65s/it]
 31%|███       | 93/300 [1:16:58<2:53:45, 50.37s/it]
 31%|███▏      | 94/300 [1:17:43<2:47:27, 48.77s/it]
 32%|███▏      | 95/300 [1:18:47<3:01:42, 53.18s/it]
 32%|███▏      | 96/300 [1:19:32<2:52:39, 50.78s/it]
 32%|███▏      | 97/300 [1:20:17<2:45:56, 49.05s/it]
 33%|███▎      | 98/300 [1:21:02<2:41:02, 47.83s/it]
 33%|███▎      | 99/300 [1:21:47<2:37:27, 47.00s/it]
 33%|███▎      | 100/300 [1:22:50<2:53:13, 51.97s/it]
 34%|███▎      | 101/300 [1:23:35<2:45:28, 49.89s/it]
 34%|███▍      | 102/300 [1:24:20<2:39:49, 48.43s/it]
 34%|███▍      | 103/300 [1:25:05<2:35:42, 47.43s/it]
 35%|███▍      | 104/300 [1:25:51<2:32:39, 46.73s/it]
 35%|███▌      | 105/300 [1:26:53<2:47:10, 51.44s/it]
 35%|███▌      | 106/300 [1:27:38<2:40:16, 49.57s/it]
 36%|███▌      | 107/300 [1:28:23<2:35:07, 48.22s/it]
 36%|███▌      | 108/300 [1:29:08<2:31:23, 47.31s/it]
 36%|███▋      | 109/300 [1:29:54<2:28:37, 46.69s/it]
 37%|███▋      | 110/300 [1:31:27<3:11:49, 60.58s/it]
 37%|███▋      | 111/300 [1:32:12<2:56:20, 55.98s/it]
 37%|███▋      | 112/300 [1:32:57<2:45:12, 52.73s/it]
 38%|███▊      | 113/300 [1:33:42<2:37:08, 50.42s/it]
 38%|███▊      | 114/300 [1:34:27<2:31:30, 48.87s/it]
 38%|███▊      | 115/300 [1:35:33<2:45:57, 53.83s/it]
 39%|███▊      | 116/300 [1:36:19<2:37:48, 51.46s/it]
 39%|███▉      | 117/300 [1:37:04<2:31:03, 49.53s/it]
 39%|███▉      | 118/300 [1:37:49<2:26:12, 48.20s/it]
 40%|███▉      | 119/300 [1:38:34<2:22:32, 47.25s/it]
 40%|████      | 120/300 [1:39:46<2:44:14, 54.75s/it]
 40%|████      | 121/300 [1:40:31<2:34:43, 51.86s/it]
 41%|████      | 122/300 [1:41:16<2:27:46, 49.81s/it]
 41%|████      | 123/300 [1:42:01<2:22:46, 48.40s/it]
 41%|████▏     | 124/300 [1:42:46<2:19:02, 47.40s/it]
 42%|████▏     | 125/300 [1:43:51<2:33:35, 52.66s/it]
 42%|████▏     | 126/300 [1:44:37<2:26:10, 50.41s/it]
 42%|████▏     | 127/300 [1:45:22<2:20:44, 48.81s/it]
 43%|████▎     | 128/300 [1:46:07<2:16:40, 47.68s/it]
 43%|████▎     | 129/300 [1:46:52<2:13:40, 46.90s/it]
 43%|████▎     | 130/300 [1:47:58<2:29:07, 52.63s/it]
 44%|████▎     | 131/300 [1:48:43<2:21:48, 50.35s/it]
 44%|████▍     | 132/300 [1:49:28<2:16:30, 48.75s/it]
 44%|████▍     | 133/300 [1:50:13<2:12:35, 47.64s/it]
 45%|████▍     | 134/300 [1:50:58<2:09:57, 46.97s/it]
 45%|████▌     | 135/300 [1:52:03<2:23:37, 52.23s/it]
 45%|████▌     | 136/300 [1:52:48<2:16:53, 50.08s/it]
 46%|████▌     | 137/300 [1:53:33<2:12:04, 48.62s/it]
 46%|████▌     | 138/300 [1:54:18<2:08:25, 47.57s/it]
 46%|████▋     | 139/300 [1:55:03<2:05:43, 46.85s/it]
 47%|████▋     | 140/300 [1:56:10<2:20:49, 52.81s/it]
 47%|████▋     | 141/300 [1:56:55<2:13:50, 50.51s/it]
 47%|████▋     | 142/300 [1:57:40<2:08:53, 48.94s/it]
 48%|████▊     | 143/300 [1:58:26<2:05:05, 47.81s/it]
 48%|████▊     | 144/300 [1:59:11<2:02:09, 46.98s/it]
 48%|████▊     | 145/300 [2:00:16<2:15:27, 52.43s/it]
 49%|████▊     | 146/300 [2:01:01<2:08:58, 50.25s/it]
 49%|████▉     | 147/300 [2:01:46<2:04:16, 48.74s/it]
 49%|████▉     | 148/300 [2:02:32<2:00:57, 47.75s/it]
 50%|████▉     | 149/300 [2:03:17<1:58:15, 46.99s/it]
 50%|█████     | 150/300 [2:04:22<2:10:58, 52.39s/it]
 50%|█████     | 151/300 [2:05:07<2:04:42, 50.22s/it]
 51%|█████     | 152/300 [2:05:52<2:00:07, 48.70s/it]
 51%|█████     | 153/300 [2:06:37<1:56:43, 47.64s/it]
 51%|█████▏    | 154/300 [2:07:22<1:54:05, 46.88s/it]
 52%|█████▏    | 155/300 [2:08:28<2:06:38, 52.40s/it]
 52%|█████▏    | 156/300 [2:09:13<2:00:33, 50.23s/it]
 52%|█████▏    | 157/300 [2:09:58<1:56:08, 48.73s/it]
 53%|█████▎    | 158/300 [2:10:43<1:52:50, 47.68s/it]
 53%|█████▎    | 159/300 [2:11:29<1:50:18, 46.94s/it]
 53%|█████▎    | 160/300 [2:12:34<2:02:20, 52.43s/it]
 54%|█████▎    | 161/300 [2:13:19<1:56:29, 50.28s/it]
 54%|█████▍    | 162/300 [2:14:04<1:52:11, 48.78s/it]
 54%|█████▍    | 163/300 [2:14:49<1:48:51, 47.68s/it]
 55%|█████▍    | 164/300 [2:15:35<1:46:18, 46.90s/it]
 55%|█████▌    | 165/300 [2:16:39<1:57:07, 52.06s/it]
 55%|█████▌    | 166/300 [2:17:24<1:51:36, 49.98s/it]
 56%|█████▌    | 167/300 [2:18:09<1:47:31, 48.51s/it]
 56%|█████▌    | 168/300 [2:18:54<1:44:26, 47.47s/it]
 56%|█████▋    | 169/300 [2:19:39<1:42:03, 46.74s/it]
 57%|█████▋    | 170/300 [2:20:43<1:52:44, 52.04s/it]
 57%|█████▋    | 171/300 [2:21:28<1:47:26, 49.97s/it]
 57%|█████▋    | 172/300 [2:22:14<1:43:28, 48.50s/it]
 58%|█████▊    | 173/300 [2:22:59<1:40:27, 47.46s/it]
 58%|█████▊    | 174/300 [2:23:44<1:38:10, 46.75s/it]
 58%|█████▊    | 175/300 [2:24:50<1:49:46, 52.69s/it]
 59%|█████▊    | 176/300 [2:25:36<1:44:22, 50.50s/it]
 59%|█████▉    | 177/300 [2:26:21<1:40:12, 48.88s/it]
 59%|█████▉    | 178/300 [2:27:06<1:37:09, 47.78s/it]
 60%|█████▉    | 179/300 [2:27:51<1:34:49, 47.02s/it]
 60%|██████    | 180/300 [2:28:59<1:46:14, 53.12s/it]
 60%|██████    | 181/300 [2:29:44<1:40:33, 50.70s/it]
 61%|██████    | 182/300 [2:30:29<1:36:24, 49.03s/it]
 61%|██████    | 183/300 [2:31:14<1:33:14, 47.82s/it]
 61%|██████▏   | 184/300 [2:31:59<1:30:52, 47.00s/it]
 62%|██████▏   | 185/300 [2:33:01<1:39:02, 51.67s/it]
 62%|██████▏   | 186/300 [2:33:47<1:34:32, 49.75s/it]
 62%|██████▏   | 187/300 [2:34:32<1:31:08, 48.39s/it]
 63%|██████▎   | 188/300 [2:35:17<1:28:31, 47.43s/it]
 63%|██████▎   | 189/300 [2:36:03<1:26:40, 46.86s/it]
 63%|██████▎   | 190/300 [2:37:08<1:35:55, 52.32s/it]
 64%|██████▎   | 191/300 [2:37:53<1:31:06, 50.15s/it]
 64%|██████▍   | 192/300 [2:38:38<1:27:40, 48.71s/it]
 64%|██████▍   | 193/300 [2:39:23<1:24:53, 47.60s/it]
 65%|██████▍   | 194/300 [2:40:08<1:22:44, 46.84s/it]
 65%|██████▌   | 195/300 [2:41:19<1:34:28, 53.99s/it]
 65%|██████▌   | 196/300 [2:42:04<1:28:58, 51.33s/it]
 66%|██████▌   | 197/300 [2:42:49<1:24:54, 49.46s/it]
 66%|██████▌   | 198/300 [2:43:34<1:21:49, 48.13s/it]
 66%|██████▋   | 199/300 [2:44:19<1:19:30, 47.23s/it]
 67%|██████▋   | 200/300 [2:45:24<1:27:33, 52.53s/it]
 67%|██████▋   | 201/300 [2:46:09<1:23:05, 50.36s/it]
 67%|██████▋   | 202/300 [2:46:54<1:19:39, 48.77s/it]
 68%|██████▊   | 203/300 [2:47:40<1:17:03, 47.67s/it]
 68%|██████▊   | 204/300 [2:48:25<1:15:02, 46.90s/it]
 68%|██████▊   | 205/300 [2:49:30<1:23:14, 52.58s/it]
 69%|██████▊   | 206/300 [2:50:16<1:18:52, 50.35s/it]
 69%|██████▉   | 207/300 [2:51:01<1:15:34, 48.76s/it]
 69%|██████▉   | 208/300 [2:51:46<1:13:06, 47.68s/it]
 70%|██████▉   | 209/300 [2:52:31<1:11:10, 46.93s/it]
 70%|███████   | 210/300 [2:53:38<1:19:14, 52.83s/it]
 70%|███████   | 211/300 [2:54:23<1:14:58, 50.54s/it]
 71%|███████   | 212/300 [2:55:08<1:11:51, 48.99s/it]
 71%|███████   | 213/300 [2:55:53<1:09:21, 47.83s/it]
 71%|███████▏  | 214/300 [2:56:39<1:07:25, 47.04s/it]
 72%|███████▏  | 215/300 [2:57:41<1:13:05, 51.59s/it]
 72%|███████▏  | 216/300 [2:58:26<1:09:28, 49.62s/it]
 72%|███████▏  | 217/300 [2:59:11<1:06:45, 48.26s/it]
 73%|███████▎  | 218/300 [2:59:56<1:04:41, 47.34s/it]
 73%|███████▎  | 219/300 [3:00:41<1:02:59, 46.67s/it]
 73%|███████▎  | 220/300 [3:01:48<1:10:07, 52.59s/it]
 74%|███████▎  | 221/300 [3:02:33<1:06:31, 50.52s/it]
 74%|███████▍  | 222/300 [3:03:18<1:03:34, 48.90s/it]
 74%|███████▍  | 223/300 [3:04:04<1:01:18, 47.78s/it]
 75%|███████▍  | 224/300 [3:04:49<59:32, 47.00s/it]  
 75%|███████▌  | 225/300 [3:05:54<1:05:45, 52.61s/it]
 75%|███████▌  | 226/300 [3:06:39<1:02:04, 50.34s/it]
 76%|███████▌  | 227/300 [3:07:25<59:23, 48.82s/it]  
 76%|███████▌  | 228/300 [3:08:10<57:15, 47.72s/it]
 76%|███████▋  | 229/300 [3:08:55<55:35, 46.98s/it]
 77%|███████▋  | 230/300 [3:10:02<1:01:43, 52.91s/it]
 77%|███████▋  | 231/300 [3:10:47<58:10, 50.58s/it]  
 77%|███████▋  | 232/300 [3:11:32<55:33, 49.03s/it]
 78%|███████▊  | 233/300 [3:12:17<53:24, 47.82s/it]
 78%|███████▊  | 234/300 [3:13:03<51:42, 47.00s/it]
 78%|███████▊  | 235/300 [3:14:05<55:52, 51.58s/it]
 79%|███████▊  | 236/300 [3:14:50<52:56, 49.64s/it]
 79%|███████▉  | 237/300 [3:15:35<50:45, 48.35s/it]
 79%|███████▉  | 238/300 [3:16:20<48:57, 47.39s/it]
 80%|███████▉  | 239/300 [3:17:06<47:29, 46.72s/it]
 80%|████████  | 240/300 [3:18:12<52:38, 52.65s/it]
 80%|████████  | 241/300 [3:18:57<49:33, 50.39s/it]
 81%|████████  | 242/300 [3:19:42<47:13, 48.86s/it]
 81%|████████  | 243/300 [3:20:27<45:19, 47.71s/it]
 81%|████████▏ | 244/300 [3:21:12<43:47, 46.91s/it]
 82%|████████▏ | 245/300 [3:22:18<48:01, 52.39s/it]
 82%|████████▏ | 246/300 [3:23:03<45:14, 50.28s/it]
 82%|████████▏ | 247/300 [3:23:48<43:01, 48.71s/it]
 83%|████████▎ | 248/300 [3:24:33<41:14, 47.59s/it]
 83%|████████▎ | 249/300 [3:25:18<39:52, 46.92s/it]
 83%|████████▎ | 250/300 [3:26:26<44:20, 53.21s/it]
 84%|████████▎ | 251/300 [3:27:11<41:28, 50.79s/it]
 84%|████████▍ | 252/300 [3:27:57<39:16, 49.10s/it]
 84%|████████▍ | 253/300 [3:28:42<37:30, 47.89s/it]
 85%|████████▍ | 254/300 [3:29:27<36:04, 47.06s/it]
 85%|████████▌ | 255/300 [3:30:29<38:48, 51.74s/it]
 85%|████████▌ | 256/300 [3:31:15<36:29, 49.76s/it]
 86%|████████▌ | 257/300 [3:32:00<34:40, 48.39s/it]
 86%|████████▌ | 258/300 [3:32:45<33:12, 47.43s/it]
 86%|████████▋ | 259/300 [3:33:30<31:56, 46.75s/it]
 87%|████████▋ | 260/300 [3:34:40<35:51, 53.78s/it]
 87%|████████▋ | 261/300 [3:35:25<33:16, 51.19s/it]
 87%|████████▋ | 262/300 [3:36:11<31:18, 49.43s/it]
 88%|████████▊ | 263/300 [3:36:56<29:40, 48.13s/it]
 88%|████████▊ | 264/300 [3:37:41<28:19, 47.19s/it]
 88%|████████▊ | 265/300 [3:38:45<30:25, 52.15s/it]
 89%|████████▊ | 266/300 [3:39:30<28:21, 50.06s/it]
 89%|████████▉ | 267/300 [3:40:15<26:42, 48.56s/it]
 89%|████████▉ | 268/300 [3:41:00<25:20, 47.53s/it]
 90%|████████▉ | 269/300 [3:41:45<24:10, 46.78s/it]
 90%|█████████ | 270/300 [3:42:53<26:37, 53.26s/it]
 90%|█████████ | 271/300 [3:43:38<24:33, 50.82s/it]
 91%|█████████ | 272/300 [3:44:24<22:55, 49.12s/it]
 91%|█████████ | 273/300 [3:45:09<21:33, 47.92s/it]
 91%|█████████▏| 274/300 [3:45:54<20:23, 47.06s/it]
 92%|█████████▏| 275/300 [3:46:56<21:32, 51.71s/it]
 92%|█████████▏| 276/300 [3:47:42<19:54, 49.75s/it]
 92%|█████████▏| 277/300 [3:48:27<18:32, 48.35s/it]
 93%|█████████▎| 278/300 [3:49:12<17:22, 47.37s/it]
 93%|█████████▎| 279/300 [3:49:57<16:21, 46.72s/it]
 93%|█████████▎| 280/300 [3:51:03<17:30, 52.52s/it]
 94%|█████████▎| 281/300 [3:51:48<15:55, 50.31s/it]
 94%|█████████▍| 282/300 [3:52:33<14:37, 48.77s/it]
 94%|█████████▍| 283/300 [3:53:18<13:30, 47.67s/it]
 95%|█████████▍| 284/300 [3:54:03<12:30, 46.89s/it]
 95%|█████████▌| 285/300 [3:55:07<12:59, 51.94s/it]
 95%|█████████▌| 286/300 [3:55:52<11:38, 49.90s/it]
 96%|█████████▌| 287/300 [3:56:38<10:31, 48.58s/it]
 96%|█████████▌| 288/300 [3:57:23<09:30, 47.55s/it]
 96%|█████████▋| 289/300 [3:58:08<08:35, 46.85s/it]
 97%|█████████▋| 290/300 [3:59:20<09:03, 54.37s/it]
 97%|█████████▋| 291/300 [4:00:05<07:44, 51.59s/it]
 97%|█████████▋| 292/300 [4:00:50<06:37, 49.66s/it]
 98%|█████████▊| 293/300 [4:01:35<05:38, 48.29s/it]
 98%|█████████▊| 294/300 [4:02:21<04:44, 47.39s/it]
 98%|█████████▊| 295/300 [4:03:24<04:21, 52.24s/it]
 99%|█████████▊| 296/300 [4:04:09<03:20, 50.10s/it]
 99%|█████████▉| 297/300 [4:04:55<02:25, 48.60s/it]
 99%|█████████▉| 298/300 [4:05:40<01:35, 47.57s/it]
100%|█████████▉| 299/300 [4:06:25<00:46, 46.82s/it]
100%|██████████| 300/300 [4:07:30<00:00, 52.26s/it]
100%|██████████| 300/300 [4:07:30<00:00, 49.50s/it]
/home/benabdi/CS461_Assignment/.venv/lib/python3.11/site-packages/daal4py/sklearn/manifold/_t_sne.py:365: FutureWarning: The PCA initialization in TSNE will change to have the standard deviation of PC1 equal to 1e-4 in 1.2. This will ensure better convergence.
  warnings.warn(
/home/benabdi/CS461_Assignment/.venv/lib/python3.11/site-packages/daal4py/sklearn/manifold/_t_sne.py:365: FutureWarning: The PCA initialization in TSNE will change to have the standard deviation of PC1 equal to 1e-4 in 1.2. This will ensure better convergence.
  warnings.warn(
/home/benabdi/CS461_Assignment/.venv/lib/python3.11/site-packages/daal4py/sklearn/manifold/_t_sne.py:365: FutureWarning: The PCA initialization in TSNE will change to have the standard deviation of PC1 equal to 1e-4 in 1.2. This will ensure better convergence.
  warnings.warn(
/home/benabdi/CS461_Assignment/.venv/lib/python3.11/site-packages/daal4py/sklearn/manifold/_t_sne.py:365: FutureWarning: The PCA initialization in TSNE will change to have the standard deviation of PC1 equal to 1e-4 in 1.2. This will ensure better convergence.
  warnings.warn(
